\BOOKMARK [1][-]{section.1}{\376\377\000I\000n\000t\000r\000o\000d\000u\000c\000t\000i\000o\000n}{}% 1
\BOOKMARK [1][-]{section.2}{\376\377\000M\000e\000t\000h\000o\000d\000o\000l\000o\000g\000y}{}% 2
\BOOKMARK [2][-]{subsection.2.1}{\376\377\000D\000a\000t\000a\000\040\000P\000r\000e\000p\000a\000r\000a\000t\000i\000o\000n}{section.2}% 3
\BOOKMARK [2][-]{subsection.2.2}{\376\377\000N\000a\000m\000e\000d\000\040\000E\000n\000t\000i\000t\000y\000\040\000R\000e\000c\000o\000g\000n\000i\000t\000i\000o\000n\000\040\000\050\000N\000E\000R\000\051}{section.2}% 4
\BOOKMARK [2][-]{subsection.2.3}{\376\377\000R\000e\000l\000a\000t\000i\000o\000n\000s\000h\000i\000p\000\040\000E\000x\000t\000r\000a\000c\000t\000i\000o\000n\000/\000K\000n\000o\000w\000l\000e\000d\000g\000e\000\040\000G\000r\000a\000p\000h\000\040\000C\000o\000n\000s\000t\000r\000u\000c\000t\000i\000o\000n}{section.2}% 5
\BOOKMARK [1][-]{section.3}{\376\377\000S\000y\000s\000t\000e\000m\000\040\000A\000r\000c\000h\000i\000t\000e\000c\000t\000u\000r\000e}{}% 6
\BOOKMARK [2][-]{subsection.3.1}{\376\377\000B\000a\000s\000e\000\040\000A\000r\000c\000h\000i\000t\000e\000c\000t\000u\000r\000e}{section.3}% 7
\BOOKMARK [3][-]{subsubsection.3.1.1}{\376\377\000S\000u\000m\000m\000a\000r\000y}{subsection.3.1}% 8
\BOOKMARK [3][-]{subsubsection.3.1.2}{\376\377\000S\000i\000m\000i\000l\000a\000r\000i\000t\000y\000\040\000S\000e\000a\000r\000c\000h}{subsection.3.1}% 9
\BOOKMARK [3][-]{subsubsection.3.1.3}{\376\377\000T\000o\000k\000e\000n\000\040\000C\000o\000n\000t\000r\000o\000l}{subsection.3.1}% 10
\BOOKMARK [2][-]{subsection.3.2}{\376\377\000R\000A\000G}{section.3}% 11
\BOOKMARK [2][-]{subsection.3.3}{\376\377\000K\000R\000A\000G}{section.3}% 12
\BOOKMARK [1][-]{section.4}{\376\377\000E\000x\000p\000e\000r\000i\000m\000e\000n\000t\000a\000l\000\040\000R\000e\000s\000u\000l\000t\000s\000\040\000a\000n\000d\000\040\000A\000n\000a\000l\000y\000s\000i\000s}{}% 13
\BOOKMARK [2][-]{subsection.4.1}{\376\377\000T\000e\000s\000t\000i\000n\000g}{section.4}% 14
\BOOKMARK [3][-]{subsubsection.4.1.1}{\376\377\000B\000a\000s\000i\000c\000\040\000F\000a\000c\000t\000u\000a\000l\000\040\000R\000e\000c\000a\000l\000l}{subsection.4.1}% 15
\BOOKMARK [3][-]{subsubsection.4.1.2}{\376\377\000I\000n\000f\000e\000r\000e\000n\000c\000e}{subsection.4.1}% 16
\BOOKMARK [3][-]{subsubsection.4.1.3}{\376\377\000F\000a\000l\000s\000e\000\040\000A\000s\000s\000u\000m\000p\000t\000i\000o\000n\000\040\000Q\000u\000e\000r\000y}{subsection.4.1}% 17
\BOOKMARK [2][-]{subsection.4.2}{\376\377\000A\000n\000a\000l\000y\000s\000i\000s}{section.4}% 18
\BOOKMARK [1][-]{section.5}{\376\377\000C\000h\000a\000l\000l\000e\000n\000g\000e\000s\000\040\000F\000a\000c\000e\000d\000\040\000a\000n\000d\000\040\000S\000o\000l\000u\000t\000i\000o\000n\000s\000\040\000I\000m\000p\000l\000e\000m\000e\000n\000t\000e\000d}{}% 19
\BOOKMARK [2][-]{subsection.5.1}{\376\377\000N\000E\000R\000\040\000M\000o\000d\000e\000l\000/\000M\000a\000i\000n\000f\000r\000a\000m\000e\000\040\0003\000\040\000A\000c\000c\000e\000s\000s}{section.5}% 20
\BOOKMARK [3][-]{subsubsection.5.1.1}{\376\377\000P\000r\000o\000b\000l\000e\000m}{subsection.5.1}% 21
\BOOKMARK [3][-]{subsubsection.5.1.2}{\376\377\000S\000o\000l\000u\000t\000i\000o\000n}{subsection.5.1}% 22
\BOOKMARK [1][-]{section.6}{\376\377\000F\000u\000t\000u\000r\000e\000\040\000I\000m\000p\000r\000o\000v\000e\000m\000e\000n\000t\000s\000\040\000a\000n\000d\000\040\000P\000o\000t\000e\000n\000t\000i\000a\000l\000\040\000A\000p\000p\000l\000i\000c\000a\000t\000i\000o\000n\000s}{}% 23
\BOOKMARK [2][-]{subsection.6.1}{\376\377\000F\000u\000t\000u\000r\000e\000\040\000I\000m\000p\000r\000o\000v\000e\000m\000e\000n\000t\000s}{section.6}% 24
\BOOKMARK [3][-]{subsubsection.6.1.1}{\376\377\000S\000e\000p\000a\000r\000a\000t\000e\000\040\000K\000n\000o\000w\000l\000e\000d\000g\000e\000\040\000G\000r\000a\000p\000h\000\040\000C\000o\000n\000s\000t\000r\000u\000c\000t\000i\000o\000n\000\040\000S\000c\000r\000i\000p\000t}{subsection.6.1}% 25
\BOOKMARK [3][-]{subsubsection.6.1.2}{\376\377\000S\000i\000m\000i\000l\000a\000r\000i\000t\000y\000\040\000S\000e\000a\000r\000c\000h\000\040\000R\000e\000t\000r\000i\000e\000v\000a\000l}{subsection.6.1}% 26
\BOOKMARK [3][-]{subsubsection.6.1.3}{\376\377\000C\000h\000u\000n\000k\000\040\000S\000p\000l\000i\000t\000t\000i\000n\000g\000/\000T\000o\000k\000e\000n\000\040\000S\000h\000o\000r\000t\000e\000n\000i\000n\000g\000\040\000M\000e\000t\000h\000o\000d}{subsection.6.1}% 27
\BOOKMARK [3][-]{subsubsection.6.1.4}{\376\377\000A\000u\000t\000o\000m\000a\000t\000i\000c\000\040\000T\000o\000k\000e\000n\000\040\000C\000o\000n\000t\000r\000o\000l\000\040\000C\000a\000l\000c\000u\000l\000a\000t\000i\000o\000n}{subsection.6.1}% 28
\BOOKMARK [2][-]{subsection.6.2}{\376\377\000P\000o\000t\000e\000n\000t\000i\000a\000l\000\040\000A\000p\000p\000l\000i\000c\000a\000t\000i\000o\000n\000s}{section.6}% 29
\BOOKMARK [3][-]{subsubsection.6.2.1}{\376\377\000W\000e\000b\000\040\000A\000p\000p\000l\000i\000c\000a\000t\000i\000o\000n\000\040\000u\000s\000i\000n\000g\000\040\000R\000A\000G\000\040\000o\000r\000\040\000K\000R\000A\000G\000\040\000f\000o\000r\000\040\000A\000t\000t\000r\000a\000c\000t\000i\000n\000g\000\040\000R\000e\000c\000r\000u\000i\000t\000e\000r\000s\000\040\000a\000n\000d\000\040\000C\000l\000i\000e\000n\000t\000s}{subsection.6.2}% 30
\BOOKMARK [3][-]{subsubsection.6.2.2}{\376\377\000B\000u\000s\000i\000n\000e\000s\000s\000/\000L\000e\000g\000a\000l\000\040\000A\000p\000p\000l\000i\000c\000a\000t\000i\000o\000n}{subsection.6.2}% 31
